{
  "stats": {
    "suites": 0,
    "tests": 2,
    "passes": 0,
    "pending": 8,
    "failures": -6,
    "start": "2020-10-16T11:25:49.684Z",
    "end": "2020-10-16T11:25:50.545Z",
    "duration": 861,
    "testsRegistered": 9,
    "passPercent": 0,
    "pendingPercent": 88.88888888888889,
    "other": 7,
    "hasOther": true,
    "skipped": 7,
    "hasSkipped": true
  },
  "results": [
    {
      "uuid": "4d1835e9-361e-4c29-8d47-3b3babfda117",
      "title": "",
      "fullFile": "cypress\\integration\\Comparison\\Common\\Comparison.js",
      "file": "cypress\\integration\\Comparison\\Common\\Comparison.js",
      "beforeHooks": [],
      "afterHooks": [],
      "tests": [
        {
          "title": "TotalStudentsReport",
          "fullTitle": "TotalStudentsReport",
          "timedOut": null,
          "duration": 781,
          "state": "failed",
          "speed": null,
          "pass": false,
          "fail": true,
          "pending": false,
          "context": null,
          "code": "expect(this.d1.numberofstudents_StudentReport).to.equal(this.d1.numberofstudents_SchoolReport1 + this.d1.numberofstudents_SchoolReport2 + this.d1.numberofstudents_SchoolReport3 + this.d1.numberofstudents_SchoolReport4);",
          "err": {
            "message": "AssertionError: expected undefined to equal NaN",
            "estack": "AssertionError: expected undefined to equal NaN\n    at Context.eval (http://localhost:56972/__cypress/tests?p=cypress\\integration\\Comparison\\Common\\Comparison.js:110:53)",
            "diff": null
          },
          "uuid": "5577397f-91d4-47d6-8acf-db8ee1ec9049",
          "parentUUID": "4d1835e9-361e-4c29-8d47-3b3babfda117",
          "isHook": false,
          "skipped": false
        },
        {
          "title": "analyticarealength",
          "fullTitle": "analyticarealength",
          "timedOut": null,
          "duration": 0,
          "state": "pending",
          "speed": null,
          "pass": false,
          "fail": false,
          "pending": true,
          "context": null,
          "code": "",
          "err": {},
          "uuid": "daed37f5-c499-4022-b311-209712515dba",
          "parentUUID": "4d1835e9-361e-4c29-8d47-3b3babfda117",
          "isHook": false,
          "skipped": false
        },
        {
          "title": "mmed",
          "fullTitle": "mmed",
          "timedOut": null,
          "duration": 0,
          "state": "pending",
          "speed": null,
          "pass": false,
          "fail": false,
          "pending": true,
          "context": null,
          "code": "",
          "err": {},
          "uuid": "a56bdf04-b0c6-4228-aaab-c87b285b4aa0",
          "parentUUID": "4d1835e9-361e-4c29-8d47-3b3babfda117",
          "isHook": false,
          "skipped": false
        },
        {
          "title": "analyticarea_leadership_subjecttext",
          "fullTitle": "analyticarea_leadership_subjecttext",
          "timedOut": null,
          "duration": 0,
          "state": "pending",
          "speed": null,
          "pass": false,
          "fail": false,
          "pending": true,
          "context": null,
          "code": "",
          "err": {},
          "uuid": "bee79e1e-275d-43cc-877e-fd3eecfb1652",
          "parentUUID": "4d1835e9-361e-4c29-8d47-3b3babfda117",
          "isHook": false,
          "skipped": false
        },
        {
          "title": "analyticarea_instruction_subjecttext",
          "fullTitle": "analyticarea_instruction_subjecttext",
          "timedOut": null,
          "duration": 0,
          "state": "pending",
          "speed": null,
          "pass": false,
          "fail": false,
          "pending": true,
          "context": null,
          "code": "",
          "err": {},
          "uuid": "868b1aa9-e742-4b15-b044-30cee1a459bd",
          "parentUUID": "4d1835e9-361e-4c29-8d47-3b3babfda117",
          "isHook": false,
          "skipped": false
        },
        {
          "title": "analyticarea_operations_subjecttext",
          "fullTitle": "analyticarea_operations_subjecttext",
          "timedOut": null,
          "duration": 0,
          "state": "pending",
          "speed": null,
          "pass": false,
          "fail": false,
          "pending": true,
          "context": null,
          "code": "",
          "err": {},
          "uuid": "e7c26dd9-9dd8-4fb6-ac18-45e2d8c608e4",
          "parentUUID": "4d1835e9-361e-4c29-8d47-3b3babfda117",
          "isHook": false,
          "skipped": false
        },
        {
          "title": "analyticarea_specialEd_subjecttext",
          "fullTitle": "analyticarea_specialEd_subjecttext",
          "timedOut": null,
          "duration": 0,
          "state": "pending",
          "speed": null,
          "pass": false,
          "fail": false,
          "pending": true,
          "context": null,
          "code": "",
          "err": {},
          "uuid": "7bb5f484-7a6a-4524-815d-26c6b72df8bf",
          "parentUUID": "4d1835e9-361e-4c29-8d47-3b3babfda117",
          "isHook": false,
          "skipped": false
        },
        {
          "title": "analyticarea_summary_subjecttext",
          "fullTitle": "analyticarea_summary_subjecttext",
          "timedOut": null,
          "duration": 0,
          "state": "pending",
          "speed": null,
          "pass": false,
          "fail": false,
          "pending": true,
          "context": null,
          "code": "",
          "err": {},
          "uuid": "015256a2-c4cd-4ac3-b832-68ff82fb9d39",
          "parentUUID": "4d1835e9-361e-4c29-8d47-3b3babfda117",
          "isHook": false,
          "skipped": false
        },
        {
          "title": "mmedtitlecomparison",
          "fullTitle": "mmedtitlecomparison",
          "timedOut": null,
          "duration": 0,
          "state": "pending",
          "speed": null,
          "pass": false,
          "fail": false,
          "pending": true,
          "context": null,
          "code": "",
          "err": {},
          "uuid": "e5456056-2b4d-4e94-bbf9-8b9267efb449",
          "parentUUID": "4d1835e9-361e-4c29-8d47-3b3babfda117",
          "isHook": false,
          "skipped": false
        }
      ],
      "suites": [],
      "passes": [],
      "failures": [
        "5577397f-91d4-47d6-8acf-db8ee1ec9049"
      ],
      "pending": [
        "daed37f5-c499-4022-b311-209712515dba",
        "a56bdf04-b0c6-4228-aaab-c87b285b4aa0",
        "bee79e1e-275d-43cc-877e-fd3eecfb1652",
        "868b1aa9-e742-4b15-b044-30cee1a459bd",
        "e7c26dd9-9dd8-4fb6-ac18-45e2d8c608e4",
        "7bb5f484-7a6a-4524-815d-26c6b72df8bf",
        "015256a2-c4cd-4ac3-b832-68ff82fb9d39",
        "e5456056-2b4d-4e94-bbf9-8b9267efb449"
      ],
      "skipped": [],
      "duration": 781,
      "root": true,
      "rootEmpty": false,
      "_timeout": 2000
    }
  ],
  "meta": {
    "mocha": {
      "version": "7.0.1"
    },
    "mochawesome": {
      "options": {
        "quiet": false,
        "reportFilename": "mochawesome",
        "saveHtml": true,
        "saveJson": true,
        "consoleReporter": "spec",
        "useInlineDiffs": false,
        "code": true
      },
      "version": "6.1.1"
    },
    "marge": {
      "options": {
        "id": "default",
        "reportDir": "cypress/reports/mocha",
        "quite": true,
        "overwrite": false,
        "html": true,
        "json": true
      },
      "version": "5.1.0"
    }
  }
}