{
  "stats": {
    "suites": 1,
    "tests": 6,
    "passes": 6,
    "pending": 0,
    "failures": 0,
    "start": "2020-10-16T12:27:04.862Z",
    "end": "2020-10-16T12:27:05.407Z",
    "duration": 545,
    "testsRegistered": 6,
    "passPercent": 100,
    "pendingPercent": 0,
    "other": 0,
    "hasOther": false,
    "skipped": 0,
    "hasSkipped": false
  },
  "results": [
    {
      "uuid": "65dfd8fd-e483-47d1-b2ae-755977e63cc8",
      "title": "",
      "fullFile": "cypress\\integration\\Tests\\Comparison\\MMEDPageComparisonTest.js",
      "file": "cypress\\integration\\Tests\\Comparison\\MMEDPageComparisonTest.js",
      "beforeHooks": [],
      "afterHooks": [],
      "tests": [],
      "suites": [
        {
          "uuid": "7587ab65-4fc3-47b4-9e1c-292bdbae1ec1",
          "title": "MMEDPageTest",
          "fullFile": "",
          "file": "",
          "beforeHooks": [],
          "afterHooks": [],
          "tests": [
            {
              "title": "verify title of MMEDpage",
              "fullTitle": "MMEDPageTest verify title of MMEDpage",
              "timedOut": null,
              "duration": 285,
              "state": "passed",
              "speed": "slow",
              "pass": true,
              "fail": false,
              "pending": false,
              "context": null,
              "code": "expect('mmedpagetitle=' + this.d1.mmedpagetitle).to.equal('mmedpagetitle=' + this.d2.mmedpagetitle);",
              "err": {},
              "uuid": "b0243310-ced9-4edb-94d8-26531d2c612a",
              "parentUUID": "7587ab65-4fc3-47b4-9e1c-292bdbae1ec1",
              "isHook": false,
              "skipped": false
            },
            {
              "title": "verify subtitle of MMEDpage",
              "fullTitle": "MMEDPageTest verify subtitle of MMEDpage",
              "timedOut": null,
              "duration": 70,
              "state": "passed",
              "speed": "medium",
              "pass": true,
              "fail": false,
              "pending": false,
              "context": null,
              "code": "expect('mmedpagesubtitle=' + this.d1.mmedpagesubtitle).to.equal('mmedpagesubtitle=' + this.d2.mmedpagesubtitle);",
              "err": {},
              "uuid": "db58fe4e-f49d-47ba-bd35-bfb7e8e8224c",
              "parentUUID": "7587ab65-4fc3-47b4-9e1c-292bdbae1ec1",
              "isHook": false,
              "skipped": false
            },
            {
              "title": "Verify title of metrics",
              "fullTitle": "MMEDPageTest Verify title of metrics",
              "timedOut": null,
              "duration": 20,
              "state": "passed",
              "speed": "fast",
              "pass": true,
              "fail": false,
              "pending": false,
              "context": null,
              "code": "expect('mmedpagesubtitle=' + this.d1.mmedpagesubtitle).to.equal('mmedpagesubtitle=' + this.d2.mmedpagesubtitle);",
              "err": {},
              "uuid": "e859a919-8974-45c8-a8e4-8e9ae5a1512a",
              "parentUUID": "7587ab65-4fc3-47b4-9e1c-292bdbae1ec1",
              "isHook": false,
              "skipped": false
            },
            {
              "title": "Verify metrics data",
              "fullTitle": "MMEDPageTest Verify metrics data",
              "timedOut": null,
              "duration": 39,
              "state": "passed",
              "speed": "medium",
              "pass": true,
              "fail": false,
              "pending": false,
              "context": null,
              "code": "expect('mmedpagesubtitle=' + this.d1.mmedpagesubtitle).to.equal('mmedpagesubtitle=' + this.d2.mmedpagesubtitle);",
              "err": {},
              "uuid": "c046cc8a-5564-4ea7-8512-d82e1b7a6d67",
              "parentUUID": "7587ab65-4fc3-47b4-9e1c-292bdbae1ec1",
              "isHook": false,
              "skipped": false
            },
            {
              "title": "Verify number of Operational Dashboard",
              "fullTitle": "MMEDPageTest Verify number of Operational Dashboard",
              "timedOut": null,
              "duration": 57,
              "state": "passed",
              "speed": "medium",
              "pass": true,
              "fail": false,
              "pending": false,
              "context": null,
              "code": "expect('mmedpagesubtitle=' + this.d1.mmedpagesubtitle).to.equal('mmedpagesubtitle=' + this.d2.mmedpagesubtitle);",
              "err": {},
              "uuid": "e5893ce2-8e2a-454f-950e-ad701996d9a7",
              "parentUUID": "7587ab65-4fc3-47b4-9e1c-292bdbae1ec1",
              "isHook": false,
              "skipped": false
            },
            {
              "title": "Verify title of Operational Dashboard",
              "fullTitle": "MMEDPageTest Verify title of Operational Dashboard",
              "timedOut": null,
              "duration": 40,
              "state": "passed",
              "speed": "medium",
              "pass": true,
              "fail": false,
              "pending": false,
              "context": null,
              "code": "expect('mmedpagesubtitle=' + this.d1.mmedpagesubtitle).to.equal('mmedpagesubtitle=' + this.d2.mmedpagesubtitle);",
              "err": {},
              "uuid": "8d3edb77-321d-4d35-84e7-17c7f2b33f28",
              "parentUUID": "7587ab65-4fc3-47b4-9e1c-292bdbae1ec1",
              "isHook": false,
              "skipped": false
            }
          ],
          "suites": [],
          "passes": [
            "b0243310-ced9-4edb-94d8-26531d2c612a",
            "db58fe4e-f49d-47ba-bd35-bfb7e8e8224c",
            "e859a919-8974-45c8-a8e4-8e9ae5a1512a",
            "c046cc8a-5564-4ea7-8512-d82e1b7a6d67",
            "e5893ce2-8e2a-454f-950e-ad701996d9a7",
            "8d3edb77-321d-4d35-84e7-17c7f2b33f28"
          ],
          "failures": [],
          "pending": [],
          "skipped": [],
          "duration": 511,
          "root": false,
          "rootEmpty": false,
          "_timeout": 2000
        }
      ],
      "passes": [],
      "failures": [],
      "pending": [],
      "skipped": [],
      "duration": 0,
      "root": true,
      "rootEmpty": true,
      "_timeout": 2000
    }
  ],
  "meta": {
    "mocha": {
      "version": "7.0.1"
    },
    "mochawesome": {
      "options": {
        "quiet": false,
        "reportFilename": "mochawesome",
        "saveHtml": true,
        "saveJson": true,
        "consoleReporter": "spec",
        "useInlineDiffs": false,
        "code": true
      },
      "version": "6.1.1"
    },
    "marge": {
      "options": {
        "id": "default",
        "reportDir": "cypress/reports/mocha",
        "quite": true,
        "overwrite": false,
        "html": true,
        "json": true
      },
      "version": "5.1.0"
    }
  }
}